#
# A fatal error has been detected by the Java Runtime Environment:
#
#  SIGSEGV (0xb) at pc=0x00000001101a4a78, pid=55434, tid=0x0000000000004203
#
# JRE version: Java(TM) SE Runtime Environment (8.0_121-b13) (build 1.8.0_121-b13)
# Java VM: Java HotSpot(TM) 64-Bit Server VM (25.121-b13 mixed mode bsd-amd64 compressed oops)
# Problematic frame:
# V  [libjvm.dylib+0x156a78]  Unique_Node_List::member(Node*)+0x4
#
# Failed to write core dump. Core dumps have been disabled. To enable core dumping, try "ulimit -c unlimited" before starting Java again
#
# If you would like to submit a bug report, please visit:
#   http://bugreport.java.com/bugreport/crash.jsp
#

---------------  T H R E A D  ---------------

Current thread (0x00007fe92b861000):  JavaThread "C2 CompilerThread1" daemon [_thread_in_native, id=16899, stack(0x0000000129482000,0x0000000129582000)]

siginfo: si_signo: 11 (SIGSEGV), si_code: 0 (unknown), si_addr: 0x0000000000000000

Registers:
RAX=0x0000000000000001, RBX=0x00007fe92cbf1e60, RCX=0x0000000063cfb9e7, RDX=0x00007fe92b06b210
RSP=0x00000001295802b0, RBP=0x00000001295802b0, RSI=0x00807fe92cbf2630, RDI=0x00000001295803c0
R8 =0x00007fe92c2b3e10, R9 =0x0000000000000000, R10=0x000000003fc1c000, R11=0x00007fe92b06b210
R12=0x0000000000000001, R13=0x00007fe92cbf1ec0, R14=0x0000000000000002, R15=0x0000000000000001
RIP=0x00000001101a4a78, EFLAGS=0x0000000000010297, ERR=0x0000000000000000
  TRAPNO=0x000000000000000d

Top of Stack: (sp=0x00000001295802b0)
0x00000001295802b0:   0000000129580300 0000000110200457
0x00000001295802c0:   00000000000002ba 0000000129580f80
0x00000001295802d0:   00000001295803c0 00000001295804c8
0x00000001295802e0:   00000001295803c0 00000001295803e0
0x00000001295802f0:   00000001295803b0 00007fe92ad31430
0x0000000129580300:   0000000129580340 000000011050374f
0x0000000129580310:   0000000129580ea0 0000000129580430
0x0000000129580320:   00007fe92d4a5340 0000000129580f80
0x0000000129580330:   00007fe92c8bdb80 0000000129581920
0x0000000129580340:   0000000129580f40 000000011020102c
0x0000000129580350:   0000000000000008 00007fe92b0c7740
0x0000000129580360:   0000000129581920 0000000129581938
0x0000000129580370:   00007fe92ad2f360 0000000000000004
0x0000000129580380:   0000000000000000 0000000000000000
0x0000000129580390:   0000000000000002 0000000000000000
0x00000001295803a0:   0000000129581790 00007fe92ad2f360
0x00000001295803b0:   0000000000000002 0000000129580f80
0x00000001295803c0:   00007fe92ad31430 0000000000001000
0x00000001295803d0:   00007fe92cc3da10 000000000000059d
0x00000001295803e0:   0000000110926c00 00007fe92ad31430
0x00000001295803f0:   0000000000000080 00007fe92b06b210
0x0000000129580400:   0000000000000000 00007fe92ad31430
0x0000000129580410:   00007fe92b889e00 00007fe92b88f060
0x0000000129580420:   00007fe92b891de8 0000000000010388
0x0000000129580430:   000000011087c5b0 0000000000000001
0x0000000129580440:   0000000129580f80 0000000129581a90
0x0000000129580450:   00000001295804c8 00007fe92c2b82c8
0x0000000129580460:   0000000000000000 00000000ffffffff
0x0000000129580470:   0000000000000000 0000000000000001
0x0000000129580480:   0000000000000000 0000000000000000
0x0000000129580490:   0000000000000000 0000000000000000
0x00000001295804a0:   0000000000000000 0000000129580f80 

Instructions: (pc=0x00000001101a4a78)
0x00000001101a4a58:   48 8d 0d c1 fc 7a 00 48 8b 09 48 89 48 28 bf 06
0x00000001101a4a68:   00 00 00 48 89 c6 5d e9 c4 1f 42 00 55 48 89 e5
0x00000001101a4a78:   8b 46 28 89 c1 c1 e9 05 3b 4f 30 72 04 30 c0 eb
0x00000001101a4a88:   0f 89 c9 48 8b 57 38 8b 0c 8a 0f a3 c1 0f 92 c0 

Register to memory mapping:

RAX=0x0000000000000001 is an unknown value
RBX=0x00007fe92cbf1e60 is an unknown value
RCX=0x0000000063cfb9e7 is an unknown value
RDX=0x00007fe92b06b210 is an unknown value
RSP=0x00000001295802b0 is pointing into the stack for thread: 0x00007fe92b861000
RBP=0x00000001295802b0 is pointing into the stack for thread: 0x00007fe92b861000
RSI=0x00807fe92cbf2630 is an unknown value
RDI=0x00000001295803c0 is pointing into the stack for thread: 0x00007fe92b861000
R8 =0x00007fe92c2b3e10 is an unknown value
R9 =0x0000000000000000 is an unknown value
R10=0x000000003fc1c000 is an unknown value
R11=0x00007fe92b06b210 is an unknown value
R12=0x0000000000000001 is an unknown value
R13=0x00007fe92cbf1ec0 is an unknown value
R14=0x0000000000000002 is an unknown value
R15=0x0000000000000001 is an unknown value


Stack: [0x0000000129482000,0x0000000129582000],  sp=0x00000001295802b0,  free space=1016k
Native frames: (J=compiled Java code, j=interpreted, Vv=VM code, C=native code)
V  [libjvm.dylib+0x156a78]  Unique_Node_List::member(Node*)+0x4
V  [libjvm.dylib+0x1b2457]  Compile::remove_useless_nodes(Unique_Node_List&)+0x7f
V  [libjvm.dylib+0x4b574f]  PhaseRemoveUseless::PhaseRemoveUseless(PhaseGVN*, Unique_Node_List*, Phase::PhaseNumber)+0xdb
V  [libjvm.dylib+0x1b302c]  Compile::Compile(ciEnv*, C2Compiler*, ciMethod*, int, bool, bool, bool)+0x884
V  [libjvm.dylib+0x15071e]  C2Compiler::compile_method(ciEnv*, ciMethod*, int)+0xb2
V  [libjvm.dylib+0x1b67c8]  CompileBroker::invoke_compiler_on_method(CompileTask*)+0x5b2
V  [libjvm.dylib+0x1b8d0f]  CompileBroker::compiler_thread_loop()+0x291
V  [libjvm.dylib+0x56ab0f]  JavaThread::thread_main_inner()+0x9b
V  [libjvm.dylib+0x56c1fc]  JavaThread::run()+0x1c2
V  [libjvm.dylib+0x48a5b2]  java_start(Thread*)+0xf6
C  [libsystem_pthread.dylib+0x405a]  _pthread_body+0x83
C  [libsystem_pthread.dylib+0x3fd7]  _pthread_body+0x0
C  [libsystem_pthread.dylib+0x13ed]  thread_start+0xd
C  0x0000000000000000


Current CompileTask:
C2:   4352  941   !   4       sun.awt.image.ImageRepresentation::getOpaqueRGBImage (164 bytes)


---------------  P R O C E S S  ---------------

Java Threads: ( => current thread )
  0x00007fe92bab6800 JavaThread "TimerQueue" daemon [_thread_blocked, id=56859, stack(0x000000017b505000,0x000000017b605000)]
  0x00007fe92baa7000 JavaThread "Image Fetcher 0" daemon [_thread_blocked, id=56675, stack(0x000000017b1d5000,0x000000017b2d5000)]
  0x00007fe92c9fe000 JavaThread "Java2D Disposer" daemon [_thread_blocked, id=51479, stack(0x000000012ed4f000,0x000000012ee4f000)]
  0x00007fe92c9b9800 JavaThread "Java2D Queue Flusher" daemon [_thread_blocked, id=49927, stack(0x000000012dd44000,0x000000012de44000)]
  0x00007fe92b932800 JavaThread "DestroyJavaVM" [_thread_blocked, id=3331, stack(0x0000000110ff1000,0x00000001110f1000)]
  0x00007fe92b08c000 JavaThread "AWT-EventQueue-0" [_thread_blocked, id=48395, stack(0x000000012dbf9000,0x000000012dcf9000)]
  0x00007fe92b8f5800 JavaThread "AWT-Shutdown" [_thread_blocked, id=28179, stack(0x000000012b251000,0x000000012b351000)]
  0x00007fe92c872000 JavaThread "AppKit Thread" daemon [_thread_in_native, id=1811, stack(0x00007fff4f4b1000,0x00007fff4fcb1000)]
  0x00007fe92b864000 JavaThread "Service Thread" daemon [_thread_blocked, id=17923, stack(0x0000000129688000,0x0000000129788000)]
  0x00007fe92b005000 JavaThread "C1 CompilerThread2" daemon [_thread_blocked, id=17411, stack(0x0000000129585000,0x0000000129685000)]
=>0x00007fe92b861000 JavaThread "C2 CompilerThread1" daemon [_thread_in_native, id=16899, stack(0x0000000129482000,0x0000000129582000)]
  0x00007fe92b84f000 JavaThread "C2 CompilerThread0" daemon [_thread_blocked, id=16387, stack(0x000000012937f000,0x000000012947f000)]
  0x00007fe92c820000 JavaThread "Signal Dispatcher" daemon [_thread_blocked, id=12811, stack(0x000000012927c000,0x000000012937c000)]
  0x00007fe92c02d800 JavaThread "Finalizer" daemon [_thread_blocked, id=11523, stack(0x00000001278e6000,0x00000001279e6000)]
  0x00007fe92c005000 JavaThread "Reference Handler" daemon [_thread_blocked, id=11011, stack(0x00000001277e3000,0x00000001278e3000)]

Other Threads:
  0x00007fe92b841000 VMThread [stack: 0x00000001276e0000,0x00000001277e0000] [id=10499]
  0x00007fe92b00c800 WatcherThread [stack: 0x000000012978b000,0x000000012988b000] [id=18435]

VM state:not at safepoint (normal execution)

VM Mutex/Monitor currently owned by a thread: None

Heap:
 PSYoungGen      total 38400K, used 8837K [0x0000000795580000, 0x0000000798000000, 0x00000007c0000000)
  eden space 33280K, 11% used [0x0000000795580000,0x0000000795924c38,0x0000000797600000)
  from space 5120K, 99% used [0x0000000797600000,0x0000000797afca78,0x0000000797b00000)
  to   space 5120K, 0% used [0x0000000797b00000,0x0000000797b00000,0x0000000798000000)
 ParOldGen       total 87552K, used 16121K [0x0000000740000000, 0x0000000745580000, 0x0000000795580000)
  object space 87552K, 18% used [0x0000000740000000,0x0000000740fbe608,0x0000000745580000)
 Metaspace       used 14030K, capacity 14310K, committed 14592K, reserved 1062912K
  class space    used 1897K, capacity 2009K, committed 2048K, reserved 1048576K

Card table byte_map: [0x0000000120dc0000,0x00000001211c1000] byte_map_base: 0x000000011d3c0000

Marking Bits: (ParMarkBitMap*) 0x000000011093ed30
 Begin Bits: [0x0000000121878000, 0x0000000123878000)
 End Bits:   [0x0000000123878000, 0x0000000125878000)

Polling page: 0x000000011114d000

CodeCache: size=245760Kb used=3389Kb max_used=3389Kb free=242370Kb
 bounds [0x0000000111a00000, 0x0000000111d60000, 0x0000000120a00000]
 total_blobs=1481 nmethods=940 adapters=454
 compilation: enabled

Compilation events (10 events):
Event: 4.305 Thread 0x00007fe92b005000 nmethod 936 0x0000000111d4d290 code [0x0000000111d4d420, 0x0000000111d4d828]
Event: 4.305 Thread 0x00007fe92b005000  937       1       java.awt.Component::getHeight (5 bytes)
Event: 4.306 Thread 0x00007fe92b005000 nmethod 937 0x0000000111d4d990 code [0x0000000111d4dae0, 0x0000000111d4dbf0]
Event: 4.311 Thread 0x00007fe92b005000  938       3       java.io.File::getName (42 bytes)
Event: 4.311 Thread 0x00007fe92b005000 nmethod 938 0x0000000111d4dc50 code [0x0000000111d4dde0, 0x0000000111d4e2a8]
Event: 4.312 Thread 0x00007fe92b861000  939       4       com.apple.laf.AquaUtils$IconImageFilter::filterRGB (98 bytes)
Event: 4.312 Thread 0x00007fe92b005000  940       3       sun.awt.image.PNGImageDecoder::filterRow (459 bytes)
Event: 4.313 Thread 0x00007fe92b861000 nmethod 939 0x0000000111d4f210 code [0x0000000111d4f3a0, 0x0000000111d4f538]
Event: 4.313 Thread 0x00007fe92b861000  941   !   4       sun.awt.image.ImageRepresentation::getOpaqueRGBImage (164 bytes)
Event: 4.314 Thread 0x00007fe92b005000 nmethod 940 0x0000000111d4f690 code [0x0000000111d4f900, 0x0000000111d50668]

GC Heap History (2 events):
Event: 2.350 GC heap before
{Heap before GC invocations=1 (full 0):
 PSYoungGen      total 38400K, used 33280K [0x0000000795580000, 0x0000000798000000, 0x00000007c0000000)
  eden space 33280K, 100% used [0x0000000795580000,0x0000000797600000,0x0000000797600000)
  from space 5120K, 0% used [0x0000000797b00000,0x0000000797b00000,0x0000000798000000)
  to   space 5120K, 0% used [0x0000000797600000,0x0000000797600000,0x0000000797b00000)
 ParOldGen       total 87552K, used 0K [0x0000000740000000, 0x0000000745580000, 0x0000000795580000)
  object space 87552K, 0% used [0x0000000740000000,0x0000000740000000,0x0000000745580000)
 Metaspace       used 13139K, capacity 13386K, committed 13696K, reserved 1060864K
  class space    used 1773K, capacity 1873K, committed 1920K, reserved 1048576K
Event: 2.363 GC heap after
Heap after GC invocations=1 (full 0):
 PSYoungGen      total 38400K, used 5106K [0x0000000795580000, 0x0000000798000000, 0x00000007c0000000)
  eden space 33280K, 0% used [0x0000000795580000,0x0000000795580000,0x0000000797600000)
  from space 5120K, 99% used [0x0000000797600000,0x0000000797afca78,0x0000000797b00000)
  to   space 5120K, 0% used [0x0000000797b00000,0x0000000797b00000,0x0000000798000000)
 ParOldGen       total 87552K, used 16121K [0x0000000740000000, 0x0000000745580000, 0x0000000795580000)
  object space 87552K, 18% used [0x0000000740000000,0x0000000740fbe608,0x0000000745580000)
 Metaspace       used 13139K, capacity 13386K, committed 13696K, reserved 1060864K
  class space    used 1773K, capacity 1873K, committed 1920K, reserved 1048576K
}

Deoptimization events (4 events):
Event: 1.830 Thread 0x00007fe92b08c000 Uncommon trap: reason=unstable_if action=reinterpret pc=0x0000000111bc00c0 method=java.lang.String.toLowerCase(Ljava/util/Locale;)Ljava/lang/String; @ 85
Event: 2.368 Thread 0x00007fe92b08c000 Uncommon trap: reason=unstable_if action=reinterpret pc=0x0000000111d0c994 method=sun.awt.image.OffScreenImageSource.sendPixels()V @ 663
Event: 2.588 Thread 0x00007fe92b08c000 Uncommon trap: reason=unstable_if action=reinterpret pc=0x0000000111ca18ac method=sun.awt.SunToolkit.getAppContext(Ljava/lang/Object;)Lsun/awt/AppContext; @ 4
Event: 4.313 Thread 0x00007fe92baa7000 Uncommon trap: reason=unstable_if action=reinterpret pc=0x0000000111cfc4d4 method=sun.awt.image.ImageRepresentation.getOpaqueRGBImage()Ljava/awt/image/BufferedImage; @ 57

Internal exceptions (10 events):
Event: 0.249 Thread 0x00007fe92c008000 Exception <a 'java/lang/NoSuchFieldError': method resolution failed> (0x000000079581a478) thrown at [/Users/java_re/workspace/8-2-build-macosx-x86_64/jdk8u121/8372/hotspot/src/share/vm/prims/methodHandles.cpp, line 1146]
Event: 0.446 Thread 0x00007fe92c008000 Exception <a 'java/io/FileNotFoundException'> (0x0000000795894cf8) thrown at [/Users/java_re/workspace/8-2-build-macosx-x86_64/jdk8u121/8372/hotspot/src/share/vm/prims/jni.cpp, line 709]
Event: 0.446 Thread 0x00007fe92c008000 Exception <a 'java/io/FileNotFoundException'> (0x0000000795895888) thrown at [/Users/java_re/workspace/8-2-build-macosx-x86_64/jdk8u121/8372/hotspot/src/share/vm/prims/jni.cpp, line 709]
Event: 1.830 Thread 0x00007fe92b08c000 Exception <a 'java/io/FileNotFoundException'> (0x0000000795ca5a68) thrown at [/Users/java_re/workspace/8-2-build-macosx-x86_64/jdk8u121/8372/hotspot/src/share/vm/prims/jni.cpp, line 709]
Event: 1.872 Thread 0x00007fe92b08c000 Exception <a 'java/io/FileNotFoundException'> (0x0000000795cab6a0) thrown at [/Users/java_re/workspace/8-2-build-macosx-x86_64/jdk8u121/8372/hotspot/src/share/vm/prims/jni.cpp, line 709]
Event: 1.877 Thread 0x00007fe92b08c000 Exception <a 'java/io/FileNotFoundException'> (0x0000000795caecd8) thrown at [/Users/java_re/workspace/8-2-build-macosx-x86_64/jdk8u121/8372/hotspot/src/share/vm/prims/jni.cpp, line 709]
Event: 1.881 Thread 0x00007fe92b08c000 Exception <a 'java/io/FileNotFoundException'> (0x0000000795cb23d0) thrown at [/Users/java_re/workspace/8-2-build-macosx-x86_64/jdk8u121/8372/hotspot/src/share/vm/prims/jni.cpp, line 709]
Event: 2.025 Thread 0x00007fe92baa7000 Exception <a 'java/io/FileNotFoundException'> (0x00000007961d7b38) thrown at [/Users/java_re/workspace/8-2-build-macosx-x86_64/jdk8u121/8372/hotspot/src/share/vm/prims/jni.cpp, line 709]
Event: 2.095 Thread 0x00007fe92b08c000 Exception <a 'java/io/FileNotFoundException'> (0x0000000796472dc8) thrown at [/Users/java_re/workspace/8-2-build-macosx-x86_64/jdk8u121/8372/hotspot/src/share/vm/prims/jni.cpp, line 709]
Event: 2.099 Thread 0x00007fe92b08c000 Exception <a 'java/io/FileNotFoundException'> (0x00000007964756f8) thrown at [/Users/java_re/workspace/8-2-build-macosx-x86_64/jdk8u121/8372/hotspot/src/share/vm/prims/jni.cpp, line 709]

Events (10 events):
Event: 4.311 Executing VM operation: RevokeBias done
Event: 4.313 Executing VM operation: RevokeBias
Event: 4.313 Executing VM operation: RevokeBias done
Event: 4.313 Thread 0x00007fe92baa7000 DEOPT PACKING pc=0x0000000111d15aa6 sp=0x000000017b2d4420
Event: 4.313 Thread 0x00007fe92baa7000 DEOPT UNPACKING pc=0x0000000111a47633 sp=0x000000017b2d41a8 mode 0
Event: 4.313 Thread 0x00007fe92baa7000 Uncommon trap: trap_request=0xffffff65 fr.pc=0x0000000111cfc4d4
Event: 4.313 Thread 0x00007fe92baa7000 DEOPT PACKING pc=0x0000000111cfc4d4 sp=0x000000017b2d4490
Event: 4.313 Thread 0x00007fe92baa7000 DEOPT UNPACKING pc=0x0000000111a05229 sp=0x000000017b2d4428 mode 2
Event: 4.313 Executing VM operation: RevokeBias
Event: 4.314 Executing VM operation: RevokeBias done


Dynamic libraries:
0x000000000831a000 	/System/Library/Frameworks/Cocoa.framework/Versions/A/Cocoa
0x000000000831a000 	/System/Library/Frameworks/Security.framework/Versions/A/Security
0x000000000831a000 	/System/Library/Frameworks/ApplicationServices.framework/Versions/A/ApplicationServices
0x000000000831a000 	/usr/lib/libz.1.dylib
0x000000000831a000 	/usr/lib/libSystem.B.dylib
0x000000000831a000 	/usr/lib/libobjc.A.dylib
0x000000000831a000 	/System/Library/Frameworks/CoreFoundation.framework/Versions/A/CoreFoundation
0x000000000831a000 	/System/Library/Frameworks/Foundation.framework/Versions/C/Foundation
0x000000000831a000 	/System/Library/Frameworks/AppKit.framework/Versions/C/AppKit
0x000000000831a000 	/System/Library/Frameworks/CoreData.framework/Versions/A/CoreData
0x000000000831a000 	/System/Library/PrivateFrameworks/RemoteViewServices.framework/Versions/A/RemoteViewServices
0x000000000831a000 	/System/Library/PrivateFrameworks/UIFoundation.framework/Versions/A/UIFoundation
0x000000000831a000 	/System/Library/Frameworks/IOSurface.framework/Versions/A/IOSurface
0x000000000831a000 	/System/Library/Frameworks/AudioToolbox.framework/Versions/A/AudioToolbox
0x000000000831a000 	/System/Library/Frameworks/AudioUnit.framework/Versions/A/AudioUnit
0x000000000831a000 	/System/Library/PrivateFrameworks/DataDetectorsCore.framework/Versions/A/DataDetectorsCore
0x000000000831a000 	/System/Library/PrivateFrameworks/DesktopServicesPriv.framework/Versions/A/DesktopServicesPriv
0x000000000831a000 	/System/Library/Frameworks/Carbon.framework/Versions/A/Frameworks/HIToolbox.framework/Versions/A/HIToolbox
0x000000000831a000 	/System/Library/Frameworks/QuartzCore.framework/Versions/A/QuartzCore
0x000000000831a000 	/System/Library/Frameworks/Carbon.framework/Versions/A/Frameworks/SpeechRecognition.framework/Versions/A/SpeechRecognition
0x000000000831a000 	/usr/lib/libauto.dylib
0x000000000831a000 	/usr/lib/libicucore.A.dylib
0x000000000831a000 	/usr/lib/libxml2.2.dylib
0x000000000831a000 	/System/Library/PrivateFrameworks/CoreUI.framework/Versions/A/CoreUI
0x000000000831a000 	/System/Library/Frameworks/CoreAudio.framework/Versions/A/CoreAudio
0x000000000831a000 	/System/Library/Frameworks/DiskArbitration.framework/Versions/A/DiskArbitration
0x000000000831a000 	/usr/lib/liblangid.dylib
0x000000000831a000 	/System/Library/PrivateFrameworks/MultitouchSupport.framework/Versions/A/MultitouchSupport
0x000000000831a000 	/System/Library/Frameworks/IOKit.framework/Versions/A/IOKit
0x000000000831a000 	/usr/lib/libDiagnosticMessagesClient.dylib
0x000000000831a000 	/System/Library/Frameworks/CoreServices.framework/Versions/A/CoreServices
0x000000000831a000 	/System/Library/PrivateFrameworks/PerformanceAnalysis.framework/Versions/A/PerformanceAnalysis
0x000000000831a000 	/System/Library/PrivateFrameworks/GenerationalStorage.framework/Versions/A/GenerationalStorage
0x000000000831a000 	/System/Library/Frameworks/OpenGL.framework/Versions/A/OpenGL
0x000000000831a000 	/System/Library/PrivateFrameworks/Sharing.framework/Versions/A/Sharing
0x000000000831a000 	/System/Library/Frameworks/CoreGraphics.framework/Versions/A/CoreGraphics
0x000000000831a000 	/System/Library/Frameworks/CoreText.framework/Versions/A/CoreText
0x000000000831a000 	/System/Library/Frameworks/ImageIO.framework/Versions/A/ImageIO
0x000000000831a000 	/usr/lib/libextension.dylib
0x000000000831a000 	/System/Library/PrivateFrameworks/Backup.framework/Versions/A/Backup
0x000000000831a000 	/usr/lib/libarchive.2.dylib
0x000000000831a000 	/System/Library/Frameworks/CFNetwork.framework/Versions/A/CFNetwork
0x000000000831a000 	/System/Library/Frameworks/SystemConfiguration.framework/Versions/A/SystemConfiguration
0x000000000831a000 	/usr/lib/libCRFSuite.dylib
0x000000000831a000 	/usr/lib/libc++.1.dylib
0x000000000831a000 	/usr/lib/libc++abi.dylib
0x000000000831a000 	/usr/lib/system/libcache.dylib
0x000000000831a000 	/usr/lib/system/libcommonCrypto.dylib
0x000000000831a000 	/usr/lib/system/libcompiler_rt.dylib
0x000000000831a000 	/usr/lib/system/libcopyfile.dylib
0x000000000831a000 	/usr/lib/system/libcorecrypto.dylib
0x000000000831a000 	/usr/lib/system/libdispatch.dylib
0x000000000831a000 	/usr/lib/system/libdyld.dylib
0x000000000831a000 	/usr/lib/system/libkeymgr.dylib
0x000000000831a000 	/usr/lib/system/liblaunch.dylib
0x000000000831a000 	/usr/lib/system/libmacho.dylib
0x000000000831a000 	/usr/lib/system/libquarantine.dylib
0x000000000831a000 	/usr/lib/system/libremovefile.dylib
0x000000000831a000 	/usr/lib/system/libsystem_asl.dylib
0x000000000831a000 	/usr/lib/system/libsystem_blocks.dylib
0x000000000831a000 	/usr/lib/system/libsystem_c.dylib
0x000000000831a000 	/usr/lib/system/libsystem_configuration.dylib
0x000000000831a000 	/usr/lib/system/libsystem_coreservices.dylib
0x000000000831a000 	/usr/lib/system/libsystem_coretls.dylib
0x000000000831a000 	/usr/lib/system/libsystem_dnssd.dylib
0x000000000831a000 	/usr/lib/system/libsystem_info.dylib
0x000000000831a000 	/usr/lib/system/libsystem_kernel.dylib
0x000000000831a000 	/usr/lib/system/libsystem_m.dylib
0x000000000831a000 	/usr/lib/system/libsystem_malloc.dylib
0x000000000831a000 	/usr/lib/system/libsystem_network.dylib
0x000000000831a000 	/usr/lib/system/libsystem_networkextension.dylib
0x000000000831a000 	/usr/lib/system/libsystem_notify.dylib
0x000000000831a000 	/usr/lib/system/libsystem_platform.dylib
0x000000000831a000 	/usr/lib/system/libsystem_pthread.dylib
0x000000000831a000 	/usr/lib/system/libsystem_sandbox.dylib
0x000000000831a000 	/usr/lib/system/libsystem_secinit.dylib
0x000000000831a000 	/usr/lib/system/libsystem_stats.dylib
0x000000000831a000 	/usr/lib/system/libsystem_trace.dylib
0x000000000831a000 	/usr/lib/system/libunc.dylib
0x000000000831a000 	/usr/lib/system/libunwind.dylib
0x000000000831a000 	/usr/lib/system/libxpc.dylib
0x000000000831a000 	/usr/lib/libbz2.1.0.dylib
0x000000000831a000 	/usr/lib/liblzma.5.dylib
0x000000000831a000 	/usr/lib/libbsm.0.dylib
0x000000000831a000 	/usr/lib/libsqlite3.dylib
0x000000000831a000 	/usr/lib/system/libkxld.dylib
0x000000000831a000 	/usr/lib/libxar.1.dylib
0x000000000831a000 	/usr/lib/libpam.2.dylib
0x000000000831a000 	/usr/lib/libOpenScriptingUtil.dylib
0x000000000831a000 	/System/Library/Frameworks/CoreServices.framework/Versions/A/Frameworks/FSEvents.framework/Versions/A/FSEvents
0x000000000831a000 	/System/Library/Frameworks/CoreServices.framework/Versions/A/Frameworks/CarbonCore.framework/Versions/A/CarbonCore
0x000000000831a000 	/System/Library/Frameworks/CoreServices.framework/Versions/A/Frameworks/Metadata.framework/Versions/A/Metadata
0x000000000831a000 	/System/Library/Frameworks/CoreServices.framework/Versions/A/Frameworks/OSServices.framework/Versions/A/OSServices
0x000000000831a000 	/System/Library/Frameworks/CoreServices.framework/Versions/A/Frameworks/SearchKit.framework/Versions/A/SearchKit
0x000000000831a000 	/System/Library/Frameworks/CoreServices.framework/Versions/A/Frameworks/AE.framework/Versions/A/AE
0x000000000831a000 	/System/Library/Frameworks/CoreServices.framework/Versions/A/Frameworks/LaunchServices.framework/Versions/A/LaunchServices
0x000000000831a000 	/System/Library/Frameworks/CoreServices.framework/Versions/A/Frameworks/DictionaryServices.framework/Versions/A/DictionaryServices
0x000000000831a000 	/System/Library/Frameworks/NetFS.framework/Versions/A/NetFS
0x000000000831a000 	/System/Library/PrivateFrameworks/NetAuth.framework/Versions/A/NetAuth
0x000000000831a000 	/System/Library/PrivateFrameworks/login.framework/Versions/A/Frameworks/loginsupport.framework/Versions/A/loginsupport
0x000000000831a000 	/System/Library/PrivateFrameworks/TCC.framework/Versions/A/TCC
0x000000000831a000 	/usr/lib/libmecabra.dylib
0x000000000831a000 	/System/Library/Frameworks/ApplicationServices.framework/Versions/A/Frameworks/ATS.framework/Versions/A/ATS
0x000000000831a000 	/System/Library/Frameworks/ApplicationServices.framework/Versions/A/Frameworks/ColorSync.framework/Versions/A/ColorSync
0x000000000831a000 	/System/Library/Frameworks/ApplicationServices.framework/Versions/A/Frameworks/HIServices.framework/Versions/A/HIServices
0x000000000831a000 	/System/Library/Frameworks/ApplicationServices.framework/Versions/A/Frameworks/LangAnalysis.framework/Versions/A/LangAnalysis
0x000000000831a000 	/System/Library/Frameworks/ApplicationServices.framework/Versions/A/Frameworks/PrintCore.framework/Versions/A/PrintCore
0x000000000831a000 	/System/Library/Frameworks/ApplicationServices.framework/Versions/A/Frameworks/QD.framework/Versions/A/QD
0x000000000831a000 	/System/Library/Frameworks/ApplicationServices.framework/Versions/A/Frameworks/SpeechSynthesis.framework/Versions/A/SpeechSynthesis
0x000000000831a000 	/System/Library/Frameworks/Accelerate.framework/Versions/A/Accelerate
0x000000000831a000 	/System/Library/Frameworks/Accelerate.framework/Versions/A/Frameworks/vImage.framework/Versions/A/vImage
0x000000000831a000 	/System/Library/Frameworks/Accelerate.framework/Versions/A/Frameworks/vecLib.framework/Versions/A/vecLib
0x000000000831a000 	/System/Library/Frameworks/Accelerate.framework/Versions/A/Frameworks/vecLib.framework/Versions/A/libvDSP.dylib
0x000000000831a000 	/System/Library/Frameworks/Accelerate.framework/Versions/A/Frameworks/vecLib.framework/Versions/A/libvMisc.dylib
0x000000000831a000 	/System/Library/Frameworks/Accelerate.framework/Versions/A/Frameworks/vecLib.framework/Versions/A/libLAPACK.dylib
0x000000000831a000 	/System/Library/Frameworks/Accelerate.framework/Versions/A/Frameworks/vecLib.framework/Versions/A/libBLAS.dylib
0x000000000831a000 	/System/Library/Frameworks/Accelerate.framework/Versions/A/Frameworks/vecLib.framework/Versions/A/libLinearAlgebra.dylib
0x000000000831a000 	/System/Library/Frameworks/ApplicationServices.framework/Versions/A/Frameworks/ATS.framework/Versions/A/Resources/libFontParser.dylib
0x000000000831a000 	/System/Library/Frameworks/ApplicationServices.framework/Versions/A/Frameworks/ATS.framework/Versions/A/Resources/libFontRegistry.dylib
0x000000000831a000 	/System/Library/PrivateFrameworks/AppleVPA.framework/Versions/A/AppleVPA
0x000000000831a000 	/System/Library/PrivateFrameworks/AppleJPEG.framework/Versions/A/AppleJPEG
0x000000000831a000 	/System/Library/Frameworks/ImageIO.framework/Versions/A/Resources/libJPEG.dylib
0x000000000831a000 	/System/Library/Frameworks/ImageIO.framework/Versions/A/Resources/libTIFF.dylib
0x000000000831a000 	/System/Library/Frameworks/ImageIO.framework/Versions/A/Resources/libPng.dylib
0x000000000831a000 	/System/Library/Frameworks/ImageIO.framework/Versions/A/Resources/libGIF.dylib
0x000000000831a000 	/System/Library/Frameworks/ImageIO.framework/Versions/A/Resources/libJP2.dylib
0x000000000831a000 	/System/Library/Frameworks/ImageIO.framework/Versions/A/Resources/libRadiance.dylib
0x000000000831a000 	/System/Library/Frameworks/CoreVideo.framework/Versions/A/CoreVideo
0x000000000831a000 	/System/Library/Frameworks/OpenGL.framework/Versions/A/Libraries/libGLU.dylib
0x000000000831a000 	/System/Library/Frameworks/OpenGL.framework/Versions/A/Libraries/libGFXShared.dylib
0x000000000831a000 	/System/Library/Frameworks/OpenGL.framework/Versions/A/Libraries/libGL.dylib
0x000000000831a000 	/System/Library/Frameworks/OpenGL.framework/Versions/A/Libraries/libGLImage.dylib
0x000000000831a000 	/System/Library/Frameworks/OpenGL.framework/Versions/A/Libraries/libCVMSPluginSupport.dylib
0x000000000831a000 	/System/Library/Frameworks/OpenGL.framework/Versions/A/Libraries/libCoreVMClient.dylib
0x000000000831a000 	/usr/lib/libcups.2.dylib
0x000000000831a000 	/System/Library/Frameworks/Kerberos.framework/Versions/A/Kerberos
0x000000000831a000 	/System/Library/Frameworks/GSS.framework/Versions/A/GSS
0x000000000831a000 	/usr/lib/libresolv.9.dylib
0x000000000831a000 	/usr/lib/libiconv.2.dylib
0x000000000831a000 	/System/Library/PrivateFrameworks/Heimdal.framework/Versions/A/Heimdal
0x000000000831a000 	/usr/lib/libheimdal-asn1.dylib
0x000000000831a000 	/System/Library/Frameworks/OpenDirectory.framework/Versions/A/OpenDirectory
0x000000000831a000 	/System/Library/PrivateFrameworks/CommonAuth.framework/Versions/A/CommonAuth
0x000000000831a000 	/System/Library/Frameworks/OpenDirectory.framework/Versions/A/Frameworks/CFOpenDirectory.framework/Versions/A/CFOpenDirectory
0x000000000831a000 	/System/Library/Frameworks/SecurityFoundation.framework/Versions/A/SecurityFoundation
0x000000000831a000 	/System/Library/PrivateFrameworks/LanguageModeling.framework/Versions/A/LanguageModeling
0x000000000831a000 	/usr/lib/libcmph.dylib
0x000000000831a000 	/System/Library/Frameworks/ServiceManagement.framework/Versions/A/ServiceManagement
0x000000000831a000 	/usr/lib/libxslt.1.dylib
0x000000000831a000 	/System/Library/Frameworks/Carbon.framework/Versions/A/Frameworks/Ink.framework/Versions/A/Ink
0x000000000831a000 	/System/Library/Frameworks/QuartzCore.framework/Versions/A/Frameworks/CoreImage.framework/Versions/A/CoreImage
0x000000000831a000 	/System/Library/PrivateFrameworks/CrashReporterSupport.framework/Versions/A/CrashReporterSupport
0x000000000831a000 	/System/Library/Frameworks/OpenCL.framework/Versions/A/OpenCL
0x000000000831a000 	/System/Library/PrivateFrameworks/FaceCore.framework/Versions/A/FaceCore
0x000000000831a000 	/System/Library/PrivateFrameworks/Ubiquity.framework/Versions/A/Ubiquity
0x000000000831a000 	/System/Library/PrivateFrameworks/IconServices.framework/Versions/A/IconServices
0x000000000831a000 	/System/Library/PrivateFrameworks/ChunkingLibrary.framework/Versions/A/ChunkingLibrary
0x000000000831a000 	/System/Library/PrivateFrameworks/Apple80211.framework/Versions/A/Apple80211
0x000000000831a000 	/System/Library/Frameworks/CoreWLAN.framework/Versions/A/CoreWLAN
0x000000000831a000 	/System/Library/Frameworks/IOBluetooth.framework/Versions/A/IOBluetooth
0x000000000831a000 	/System/Library/PrivateFrameworks/CoreWiFi.framework/Versions/A/CoreWiFi
0x000000000831a000 	/System/Library/Frameworks/CoreBluetooth.framework/Versions/A/CoreBluetooth
0x000000000831a000 	/System/Library/PrivateFrameworks/DebugSymbols.framework/Versions/A/DebugSymbols
0x000000000831a000 	/System/Library/PrivateFrameworks/CoreSymbolication.framework/Versions/A/CoreSymbolication
0x000000000831a000 	/System/Library/PrivateFrameworks/Symbolication.framework/Versions/A/Symbolication
0x000000000831a000 	/System/Library/PrivateFrameworks/SpeechRecognitionCore.framework/Versions/A/SpeechRecognitionCore
0x000000011004e000 	/Library/Java/JavaVirtualMachines/jdk1.8.0_121.jdk/Contents/Home/jre/lib/server/libjvm.dylib
0x000000000831a000 	/usr/lib/libstdc++.6.dylib
0x000000011110a000 	/Library/Java/JavaVirtualMachines/jdk1.8.0_121.jdk/Contents/Home/jre/lib/libverify.dylib
0x0000000111118000 	/Library/Java/JavaVirtualMachines/jdk1.8.0_121.jdk/Contents/Home/jre/lib/libjava.dylib
0x0000000111157000 	/Library/Java/JavaVirtualMachines/jdk1.8.0_121.jdk/Contents/Home/jre/lib/libzip.dylib
0x00000001279e8000 	/System/Library/Frameworks/JavaVM.framework/Frameworks/JavaRuntimeSupport.framework/JavaRuntimeSupport
0x0000000127a03000 	/System/Library/Frameworks/JavaVM.framework/Versions/A/Frameworks/JavaNativeFoundation.framework/Versions/A/JavaNativeFoundation
0x00000001111f1000 	/System/Library/Frameworks/JavaVM.framework/Versions/A/JavaVM
0x000000000831a000 	/System/Library/Frameworks/Carbon.framework/Versions/A/Carbon
0x0000000127a18000 	/System/Library/PrivateFrameworks/JavaLaunching.framework/Versions/A/JavaLaunching
0x000000000831a000 	/System/Library/Frameworks/Carbon.framework/Versions/A/Frameworks/CommonPanels.framework/Versions/A/CommonPanels
0x000000000831a000 	/System/Library/Frameworks/Carbon.framework/Versions/A/Frameworks/Help.framework/Versions/A/Help
0x000000000831a000 	/System/Library/Frameworks/Carbon.framework/Versions/A/Frameworks/ImageCapture.framework/Versions/A/ImageCapture
0x000000000831a000 	/System/Library/Frameworks/Carbon.framework/Versions/A/Frameworks/OpenScripting.framework/Versions/A/OpenScripting
0x000000000831a000 	/System/Library/Frameworks/Carbon.framework/Versions/A/Frameworks/Print.framework/Versions/A/Print
0x000000000831a000 	/System/Library/Frameworks/Carbon.framework/Versions/A/Frameworks/SecurityHI.framework/Versions/A/SecurityHI
0x00000001298c9000 	/Library/Java/JavaVirtualMachines/jdk1.8.0_121.jdk/Contents/Home/jre/lib/libawt.dylib
0x0000000129971000 	/Library/Java/JavaVirtualMachines/jdk1.8.0_121.jdk/Contents/Home/jre/lib/./libmlib_image.dylib
0x0000000129a3d000 	/Library/Java/JavaVirtualMachines/jdk1.8.0_121.jdk/Contents/Home/jre/lib/libawt_lwawt.dylib
0x0000000129af4000 	/Library/Java/JavaVirtualMachines/jdk1.8.0_121.jdk/Contents/Home/jre/lib/./libosxapp.dylib
0x000000000831a000 	/System/Library/Frameworks/ExceptionHandling.framework/Versions/A/ExceptionHandling
0x000000000831a000 	/System/Library/PrivateFrameworks/CoreServicesInternal.framework/Versions/A/CoreServicesInternal
0x000000000831a000 	/System/Library/PrivateFrameworks/CloudDocs.framework/Versions/A/CloudDocs
0x000000000831a000 	/System/Library/PrivateFrameworks/CoreDuet.framework/Versions/A/CoreDuet
0x000000000831a000 	/System/Library/Frameworks/CloudKit.framework/Versions/A/CloudKit
0x000000000831a000 	/System/Library/PrivateFrameworks/ProtocolBuffer.framework/Versions/A/ProtocolBuffer
0x000000000831a000 	/System/Library/PrivateFrameworks/CoreDuetDaemonProtocol.framework/Versions/A/CoreDuetDaemonProtocol
0x000000000831a000 	/System/Library/PrivateFrameworks/CoreDuetDebugLogging.framework/Versions/A/CoreDuetDebugLogging
0x000000000831a000 	/System/Library/PrivateFrameworks/MMCS.framework/Versions/A/MMCS
0x000000000831a000 	/System/Library/Frameworks/CoreLocation.framework/Versions/A/CoreLocation
0x000000000831a000 	/System/Library/PrivateFrameworks/ProtectedCloudStorage.framework/Versions/A/ProtectedCloudStorage
0x000000000831a000 	/System/Library/PrivateFrameworks/GeoServices.framework/Versions/A/GeoServices
0x000000000831a000 	/System/Library/Frameworks/CoreGraphics.framework/Versions/A/Resources/libCGCMS.A.dylib
0x000000000831a000 	/System/Library/Frameworks/CoreGraphics.framework/Versions/A/Resources/libRIP.A.dylib
0x000000000831a000 	/System/Library/Frameworks/CoreGraphics.framework/Versions/A/Resources/libCGXType.A.dylib
0x000000000831a000 	/System/Library/Frameworks/OpenCL.framework/Versions/A/Libraries/libcldcpuengine.dylib
0x000000000831a000 	/System/Library/PrivateFrameworks/DiskImages.framework/Versions/A/DiskImages
0x000000000831a000 	/System/Library/Frameworks/DiscRecording.framework/Versions/A/DiscRecording
0x000000000831a000 	/usr/lib/libcsfde.dylib
0x000000000831a000 	/usr/lib/libcurl.4.dylib
0x000000000831a000 	/System/Library/PrivateFrameworks/MediaKit.framework/Versions/A/MediaKit
0x000000000831a000 	/usr/lib/libCoreStorage.dylib
0x000000000831a000 	/System/Library/PrivateFrameworks/EFILogin.framework/Versions/A/EFILogin
0x000000000831a000 	/usr/lib/libutil.dylib
0x000000000831a000 	/System/Library/PrivateFrameworks/FindMyDevice.framework/Versions/A/FindMyDevice
0x000000000831a000 	/System/Library/Frameworks/LDAP.framework/Versions/A/LDAP
0x000000000831a000 	/usr/lib/libsasl2.2.dylib
0x000000000831a000 	/System/Library/PrivateFrameworks/CoreDaemon.framework/Versions/B/CoreDaemon
0x000000000831a000 	/usr/lib/libcrypto.0.9.8.dylib
0x000000000831a000 	/System/Library/PrivateFrameworks/AppleSRP.framework/Versions/A/AppleSRP
0x000000000831a000 	/System/Library/PrivateFrameworks/TrustEvaluationAgent.framework/Versions/A/TrustEvaluationAgent
0x000000012c9c9000 	cl_kernels
0x000000012c9cb000 	/System/Library/Frameworks/OpenCL.framework/Versions/A/Libraries/ImageFormats/unorm8_bgra.dylib
0x000000012c9ba000 	cl_kernels
0x000000000831a000 	/System/Library/PrivateFrameworks/FamilyControls.framework/Versions/A/FamilyControls
0x000000000831a000 	/System/Library/PrivateFrameworks/CommerceKit.framework/Versions/A/Frameworks/CommerceCore.framework/Versions/A/CommerceCore
0x000000000831a000 	/System/Library/PrivateFrameworks/SystemAdministration.framework/Versions/A/SystemAdministration
0x000000000831a000 	/System/Library/PrivateFrameworks/AppContainer.framework/Versions/A/AppContainer
0x000000000831a000 	/System/Library/PrivateFrameworks/SecCodeWrapper.framework/Versions/A/SecCodeWrapper
0x000000000831a000 	/System/Library/Frameworks/DirectoryService.framework/Versions/A/DirectoryService
0x000000000831a000 	/System/Library/PrivateFrameworks/LoginUIKit.framework/Versions/A/Frameworks/LoginUICore.framework/Versions/A/LoginUICore
0x000000000831a000 	/usr/lib/libodfde.dylib
0x000000012db91000 	/Library/Java/JavaVirtualMachines/jdk1.8.0_121.jdk/Contents/Home/jre/lib/libfontmanager.dylib
0x000000012befd000 	/Library/Java/JavaVirtualMachines/jdk1.8.0_121.jdk/Contents/Home/jre/lib/libnio.dylib
0x000000012bf0d000 	/Library/Java/JavaVirtualMachines/jdk1.8.0_121.jdk/Contents/Home/jre/lib/./libnet.dylib
0x000000000831a000 	/System/Library/Frameworks/OpenGL.framework/Versions/A/Resources/GLEngine.bundle/GLEngine
0x000000000831a000 	/System/Library/Frameworks/OpenGL.framework/Versions/A/Libraries/libGLProgrammability.dylib
0x000000012de46000 	/System/Library/Extensions/AppleIntelBDWGraphicsGLDriver.bundle/Contents/MacOS/AppleIntelBDWGraphicsGLDriver
0x000000000831a000 	/System/Library/PrivateFrameworks/IOAccelerator.framework/Versions/A/IOAccelerator
0x000000000831a000 	/System/Library/PrivateFrameworks/GPUSupport.framework/Versions/A/Libraries/libGPUSupportMercury.dylib
0x000000000831a000 	/System/Library/Frameworks/OpenGL.framework/Versions/A/Resources/GLRendererFloat.bundle/GLRendererFloat
0x000000012ee51000 	/Library/Java/JavaVirtualMachines/jdk1.8.0_121.jdk/Contents/Home/jre/lib/libosxui.dylib
0x000000000831a000 	/System/Library/Frameworks/ApplicationServices.framework/Versions/A/Frameworks/ATS.framework/Versions/A/Resources/libTrueTypeScaler.dylib
0x000000017b4d7000 	/Library/Java/JavaVirtualMachines/jdk1.8.0_121.jdk/Contents/Home/jre/lib/libjpeg.dylib
0x000000000831a000 	/System/Library/Frameworks/Accelerate.framework/Versions/A/Frameworks/vImage.framework/Versions/A/Libraries/libCGInterfaces.dylib

VM Arguments:
jvm_args: -Dfile.encoding=UTF-8 
java_command: Frame
java_class_path (initial): /Users/estefaniatc/git/MiOmbligoCreceMelones/bin:/Users/estefaniatc/git/MiOmbligoCreceMelones/miglayout15-swing.jar:/Users/estefaniatc/git/MiOmbligoCreceMelones/jgoodies-forms-1.8.0.jar
Launcher Type: SUN_STANDARD

Environment Variables:
PATH=/usr/bin:/bin:/usr/sbin:/sbin
SHELL=/bin/bash

Signal Handlers:
SIGSEGV: [libjvm.dylib+0x5b1141], sa_mask[0]=11111111011111110111111111111111, sa_flags=SA_ONSTACK|SA_RESTART|SA_SIGINFO
SIGBUS: [libjvm.dylib+0x5b1141], sa_mask[0]=11111111011111110111111111111111, sa_flags=SA_RESTART|SA_SIGINFO
SIGFPE: [libjvm.dylib+0x487bc4], sa_mask[0]=11111111011111110111111111111111, sa_flags=SA_RESTART|SA_SIGINFO
SIGPIPE: [libjvm.dylib+0x487bc4], sa_mask[0]=11111111011111110111111111111111, sa_flags=SA_RESTART|SA_SIGINFO
SIGXFSZ: [libjvm.dylib+0x487bc4], sa_mask[0]=11111111011111110111111111111111, sa_flags=SA_RESTART|SA_SIGINFO
SIGILL: [libjvm.dylib+0x487bc4], sa_mask[0]=11111111011111110111111111111111, sa_flags=SA_RESTART|SA_SIGINFO
SIGUSR1: SIG_DFL, sa_mask[0]=00000000000000000000000000000000, sa_flags=none
SIGUSR2: [libjvm.dylib+0x4876e2], sa_mask[0]=00100000000000000000000000000000, sa_flags=SA_RESTART|SA_SIGINFO
SIGHUP: [libjvm.dylib+0x485cb9], sa_mask[0]=11111111011111110111111111111111, sa_flags=SA_RESTART|SA_SIGINFO
SIGINT: [libjvm.dylib+0x485cb9], sa_mask[0]=11111111011111110111111111111111, sa_flags=SA_RESTART|SA_SIGINFO
SIGTERM: [libjvm.dylib+0x485cb9], sa_mask[0]=11111111011111110111111111111111, sa_flags=SA_RESTART|SA_SIGINFO
SIGQUIT: [libjvm.dylib+0x485cb9], sa_mask[0]=11111111011111110111111111111111, sa_flags=SA_RESTART|SA_SIGINFO


---------------  S Y S T E M  ---------------

OS:Bsduname:Darwin 14.5.0 Darwin Kernel Version 14.5.0: Sun Jun  4 21:40:08 PDT 2017; root:xnu-2782.70.3~1/RELEASE_X86_64 x86_64
rlimit: STACK 8192k, CORE 0k, NPROC 709, NOFILE 10240, AS infinity
load average:1.94 2.02 2.07

CPU:total 4 (2 cores per cpu, 2 threads per core) family 6 model 61 stepping 4, cmov, cx8, fxsr, mmx, sse, sse2, sse3, ssse3, sse4.1, sse4.2, popcnt, avx, avx2, aes, clmul, erms, 3dnowpref, lzcnt, ht, tsc, tscinvbit, bmi1, bmi2, adx

Memory: 4k page, physical 8388608k(551548k free)

/proc/meminfo:


vm_info: Java HotSpot(TM) 64-Bit Server VM (25.121-b13) for bsd-amd64 JRE (1.8.0_121-b13), built on Dec 12 2016 20:39:32 by "java_re" with gcc 4.2.1 (Based on Apple Inc. build 5658) (LLVM build 2336.11.00)

time: Fri Aug 31 23:40:44 2018
elapsed time: 4 seconds (0d 0h 0m 4s)

